Failed to open connection to "session" message bus: Unable to autolaunch a dbus-daemon without a $DISPLAY for X11
1569126463826	mozrunner::runner	INFO	Running command: "/usr/bin/firefox" "-marionette" "-foreground" "-no-remote" "-profile" "/tmp/rust_mozprofile.ezhHsdhsmwfk"
Failed to open connection to "session" message bus: Unable to autolaunch a dbus-daemon without a $DISPLAY for X11
Running without a11y support!
Error: no DISPLAY environment variable specified
Failed to open connection to "session" message bus: Unable to autolaunch a dbus-daemon without a $DISPLAY for X11
1569126483947	mozrunner::runner	INFO	Running command: "/usr/bin/firefox" "-marionette" "-foreground" "-no-remote" "-profile" "/tmp/rust_mozprofile.NzWp75HZRwpD"
Failed to open connection to "session" message bus: Unable to autolaunch a dbus-daemon without a $DISPLAY for X11
Running without a11y support!
Error: no DISPLAY environment variable specified
Failed to open connection to "session" message bus: Unable to autolaunch a dbus-daemon without a $DISPLAY for X11
1569126601586	mozrunner::runner	INFO	Running command: "/usr/bin/firefox" "-marionette" "-headless" "-foreground" "-no-remote" "-profile" "/tmp/rust_mozprofile.xHZRvpNVBpaE"
Failed to open connection to "session" message bus: Unable to autolaunch a dbus-daemon without a $DISPLAY for X11
Running without a11y support!
*** You are running in headless mode.
1569126601748	addons.xpi	WARN	Can't get modified time of /usr/lib64/firefox/browser/features/aushelper@mozilla.org.xpi
1569126601882	addons.xpi-utils	WARN	addMetadata: Add-on aushelper@mozilla.org is invalid: [Exception... "Component returned failure code: 0x80520006 (NS_ERROR_FILE_TARGET_DOES_NOT_EXIST) [nsIFile.isFile]"  nsresult: "0x80520006 (NS_ERROR_FILE_TARGET_DOES_NOT_EXIST)"  location: "JS frame :: resource://gre/modules/addons/XPIInstall.jsm :: loadManifestFromFile :: line 925"  data: no] Stack trace: loadManifestFromFile()@resource://gre/modules/addons/XPIInstall.jsm:925
syncLoadManifestFromFile()@resource://gre/modules/addons/XPIProvider.jsm:940
addMetadata()@resource://gre/modules/addons/XPIProvider.jsm -> resource://gre/modules/addons/XPIProviderUtils.js:1173
processFileChanges()@resource://gre/modules/addons/XPIProvider.jsm -> resource://gre/modules/addons/XPIProviderUtils.js:1529
checkForChanges()@resource://gre/modules/addons/XPIProvider.jsm:3304
startup()@resource://gre/modules/addons/XPIProvider.jsm:2196
callProvider()@resource://gre/modules/AddonManager.jsm:253
_startProvider()@resource://gre/modules/AddonManager.jsm:728
startup()@resource://gre/modules/AddonManager.jsm:892
startup()@resource://gre/modules/AddonManager.jsm:2981
observe()@jar:file:///usr/lib64/firefox/omni.ja!/components/addonManager.js:63
1569126601883	addons.xpi-utils	WARN	Could not uninstall invalid item from locked install location
1569126602901	addons.xpi	WARN	Can't get modified time of /usr/lib64/firefox/browser/features/aushelper@mozilla.org.xpi
1569126603053	Marionette	INFO	Listening on port 42156
1569126603097	Marionette	WARN	TLS certificate errors will be ignored for this session
JavaScript error: https://ss1.bdstatic.com/5eN1bjq8AAUYm2zgoY3K/r/www/cache/static/protocol/https/plugins/every_cookie_4644b13.js, line 4: ReferenceError: c is not defined
*** UTM:SVC TimerManager:registerTimer called after profile-before-change notification. Ignoring timer registration for id: telemetry_modules_ping

###!!! [Parent][RunMessage] Error: Channel closing: too late to send/recv, messages will be lost

Failed to open connection to "session" message bus: Unable to autolaunch a dbus-daemon without a $DISPLAY for X11
1569126639075	mozrunner::runner	INFO	Running command: "/usr/bin/firefox" "-marionette" "-headless" "-foreground" "-no-remote" "-profile" "/tmp/rust_mozprofile.ktHWQ09B3QL7"
Failed to open connection to "session" message bus: Unable to autolaunch a dbus-daemon without a $DISPLAY for X11
Running without a11y support!
*** You are running in headless mode.
1569126639231	addons.xpi	WARN	Can't get modified time of /usr/lib64/firefox/browser/features/aushelper@mozilla.org.xpi
1569126639365	addons.xpi-utils	WARN	addMetadata: Add-on aushelper@mozilla.org is invalid: [Exception... "Component returned failure code: 0x80520006 (NS_ERROR_FILE_TARGET_DOES_NOT_EXIST) [nsIFile.isFile]"  nsresult: "0x80520006 (NS_ERROR_FILE_TARGET_DOES_NOT_EXIST)"  location: "JS frame :: resource://gre/modules/addons/XPIInstall.jsm :: loadManifestFromFile :: line 925"  data: no] Stack trace: loadManifestFromFile()@resource://gre/modules/addons/XPIInstall.jsm:925
syncLoadManifestFromFile()@resource://gre/modules/addons/XPIProvider.jsm:940
addMetadata()@resource://gre/modules/addons/XPIProvider.jsm -> resource://gre/modules/addons/XPIProviderUtils.js:1173
processFileChanges()@resource://gre/modules/addons/XPIProvider.jsm -> resource://gre/modules/addons/XPIProviderUtils.js:1529
checkForChanges()@resource://gre/modules/addons/XPIProvider.jsm:3304
startup()@resource://gre/modules/addons/XPIProvider.jsm:2196
callProvider()@resource://gre/modules/AddonManager.jsm:253
_startProvider()@resource://gre/modules/AddonManager.jsm:728
startup()@resource://gre/modules/AddonManager.jsm:892
startup()@resource://gre/modules/AddonManager.jsm:2981
observe()@jar:file:///usr/lib64/firefox/omni.ja!/components/addonManager.js:63
1569126639366	addons.xpi-utils	WARN	Could not uninstall invalid item from locked install location
1569126640282	addons.xpi	WARN	Can't get modified time of /usr/lib64/firefox/browser/features/aushelper@mozilla.org.xpi
1569126640427	Marionette	INFO	Listening on port 35291
1569126640486	Marionette	WARN	TLS certificate errors will be ignored for this session
JavaScript warning: https://www.qq.com/, line 2954: SyntaxError: 09 is not a legal ECMA-262 octal constant
JavaScript error: https://mat1.gtimg.com/pingjs/ext2020/qqindex2018/dist/js/qq_893783c5.js, line 1: TypeError: s is undefined
JavaScript warning: https://captcha.gtimg.com/public/2/web-token.0.0.1.js, line 1: Error: WebGL warning: Can't use WebGL in headless mode (https://bugzil.la/1375585).
JavaScript warning: https://captcha.gtimg.com/public/2/web-token.0.0.1.js, line 1: Error: WebGL warning: Failed to create WebGL context: WebGL creation failed: 
* Can't use WebGL in headless mode (https://bugzil.la/1375585).
JavaScript warning: https://captcha.gtimg.com/public/2/web-token.0.0.1.js, line 1: Error: WebGL warning: Can't use WebGL in headless mode (https://bugzil.la/1375585).
JavaScript warning: https://captcha.gtimg.com/public/2/web-token.0.0.1.js, line 1: Error: WebGL warning: Failed to create WebGL context: WebGL creation failed: 
* Can't use WebGL in headless mode (https://bugzil.la/1375585).
Failed to open connection to "session" message bus: Unable to autolaunch a dbus-daemon without a $DISPLAY for X11
1569126675895	mozrunner::runner	INFO	Running command: "/usr/bin/firefox" "-marionette" "-headless" "-foreground" "-no-remote" "-profile" "/tmp/rust_mozprofile.D8YqwZScmPXG"
Failed to open connection to "session" message bus: Unable to autolaunch a dbus-daemon without a $DISPLAY for X11
Running without a11y support!
*** You are running in headless mode.
1569126676048	addons.xpi	WARN	Can't get modified time of /usr/lib64/firefox/browser/features/aushelper@mozilla.org.xpi
1569126676182	addons.xpi-utils	WARN	addMetadata: Add-on aushelper@mozilla.org is invalid: [Exception... "Component returned failure code: 0x80520006 (NS_ERROR_FILE_TARGET_DOES_NOT_EXIST) [nsIFile.isFile]"  nsresult: "0x80520006 (NS_ERROR_FILE_TARGET_DOES_NOT_EXIST)"  location: "JS frame :: resource://gre/modules/addons/XPIInstall.jsm :: loadManifestFromFile :: line 925"  data: no] Stack trace: loadManifestFromFile()@resource://gre/modules/addons/XPIInstall.jsm:925
syncLoadManifestFromFile()@resource://gre/modules/addons/XPIProvider.jsm:940
addMetadata()@resource://gre/modules/addons/XPIProvider.jsm -> resource://gre/modules/addons/XPIProviderUtils.js:1173
processFileChanges()@resource://gre/modules/addons/XPIProvider.jsm -> resource://gre/modules/addons/XPIProviderUtils.js:1529
checkForChanges()@resource://gre/modules/addons/XPIProvider.jsm:3304
startup()@resource://gre/modules/addons/XPIProvider.jsm:2196
callProvider()@resource://gre/modules/AddonManager.jsm:253
_startProvider()@resource://gre/modules/AddonManager.jsm:728
startup()@resource://gre/modules/AddonManager.jsm:892
startup()@resource://gre/modules/AddonManager.jsm:2981
observe()@jar:file:///usr/lib64/firefox/omni.ja!/components/addonManager.js:63
1569126676182	addons.xpi-utils	WARN	Could not uninstall invalid item from locked install location
1569126677119	addons.xpi	WARN	Can't get modified time of /usr/lib64/firefox/browser/features/aushelper@mozilla.org.xpi
1569126677263	Marionette	INFO	Listening on port 34233
1569126677303	Marionette	WARN	TLS certificate errors will be ignored for this session
JavaScript warning: https://www.qq.com/, line 2954: SyntaxError: 09 is not a legal ECMA-262 octal constant
JavaScript error: https://mat1.gtimg.com/pingjs/ext2020/qqindex2018/dist/js/qq_893783c5.js, line 1: TypeError: s is undefined
JavaScript warning: https://captcha.gtimg.com/public/2/web-token.0.0.1.js, line 1: Error: WebGL warning: Can't use WebGL in headless mode (https://bugzil.la/1375585).
JavaScript warning: https://captcha.gtimg.com/public/2/web-token.0.0.1.js, line 1: Error: WebGL warning: Failed to create WebGL context: WebGL creation failed: 
* Can't use WebGL in headless mode (https://bugzil.la/1375585).
JavaScript warning: https://captcha.gtimg.com/public/2/web-token.0.0.1.js, line 1: Error: WebGL warning: Can't use WebGL in headless mode (https://bugzil.la/1375585).
JavaScript warning: https://captcha.gtimg.com/public/2/web-token.0.0.1.js, line 1: Error: WebGL warning: Failed to create WebGL context: WebGL creation failed: 
* Can't use WebGL in headless mode (https://bugzil.la/1375585).
Failed to open connection to "session" message bus: Unable to autolaunch a dbus-daemon without a $DISPLAY for X11
1569126695104	mozrunner::runner	INFO	Running command: "/usr/bin/firefox" "-marionette" "-headless" "-foreground" "-no-remote" "-profile" "/tmp/rust_mozprofile.ECrbRsxCKy6B"
Failed to open connection to "session" message bus: Unable to autolaunch a dbus-daemon without a $DISPLAY for X11
Running without a11y support!
*** You are running in headless mode.
1569126695256	addons.xpi	WARN	Can't get modified time of /usr/lib64/firefox/browser/features/aushelper@mozilla.org.xpi
1569126695390	addons.xpi-utils	WARN	addMetadata: Add-on aushelper@mozilla.org is invalid: [Exception... "Component returned failure code: 0x80520006 (NS_ERROR_FILE_TARGET_DOES_NOT_EXIST) [nsIFile.isFile]"  nsresult: "0x80520006 (NS_ERROR_FILE_TARGET_DOES_NOT_EXIST)"  location: "JS frame :: resource://gre/modules/addons/XPIInstall.jsm :: loadManifestFromFile :: line 925"  data: no] Stack trace: loadManifestFromFile()@resource://gre/modules/addons/XPIInstall.jsm:925
syncLoadManifestFromFile()@resource://gre/modules/addons/XPIProvider.jsm:940
addMetadata()@resource://gre/modules/addons/XPIProvider.jsm -> resource://gre/modules/addons/XPIProviderUtils.js:1173
processFileChanges()@resource://gre/modules/addons/XPIProvider.jsm -> resource://gre/modules/addons/XPIProviderUtils.js:1529
checkForChanges()@resource://gre/modules/addons/XPIProvider.jsm:3304
startup()@resource://gre/modules/addons/XPIProvider.jsm:2196
callProvider()@resource://gre/modules/AddonManager.jsm:253
_startProvider()@resource://gre/modules/AddonManager.jsm:728
startup()@resource://gre/modules/AddonManager.jsm:892
startup()@resource://gre/modules/AddonManager.jsm:2981
observe()@jar:file:///usr/lib64/firefox/omni.ja!/components/addonManager.js:63
1569126695391	addons.xpi-utils	WARN	Could not uninstall invalid item from locked install location
1569126696319	addons.xpi	WARN	Can't get modified time of /usr/lib64/firefox/browser/features/aushelper@mozilla.org.xpi
1569126696462	Marionette	INFO	Listening on port 37058
1569126696513	Marionette	WARN	TLS certificate errors will be ignored for this session
JavaScript error: https://ss1.bdstatic.com/5eN1bjq8AAUYm2zgoY3K/r/www/cache/static/protocol/https/plugins/every_cookie_4644b13.js, line 4: ReferenceError: c is not defined
*** UTM:SVC TimerManager:registerTimer called after profile-before-change notification. Ignoring timer registration for id: telemetry_modules_ping
